  First_laba.cpp
C:\Users\Condor\Documents\Cpp_project\Solution\First_laba\First_laba.cpp(67,26): warning C4305: аргумент: усечение из "double" в "GLclampf"
C:\Users\Condor\Documents\Cpp_project\Solution\First_laba\First_laba.cpp(67,21): warning C4305: аргумент: усечение из "double" в "GLclampf"
C:\Users\Condor\Documents\Cpp_project\Solution\First_laba\First_laba.cpp(67,16): warning C4305: аргумент: усечение из "double" в "GLclampf"
C:\Users\Condor\Documents\Cpp_project\Solution\First_laba\First_laba.cpp(68,19): warning C4244: инициализация: преобразование "double" в "float", возможна потеря данных
     Создается библиотека C:\Users\Condor\Documents\Cpp_project\Solution\x64\Debug\First_laba.lib и объект C:\Users\Condor\Documents\Cpp_project\Solution\x64\Debug\First_laba.exp
LINK : warning LNK4217: Символ "glewInit", определенный в "glew.obj", импортирован "First_laba.obj" в функции "main".
LINK : warning LNK4217: Символ "__glewBindBuffer", определенный в "glew.obj", импортирован "First_laba.obj" в функции "main".
LINK : warning LNK4217: Символ "__glewBufferData", определенный в "glew.obj", импортирован "First_laba.obj" в функции "main".
LINK : warning LNK4217: Символ "__glewGenBuffers", определенный в "glew.obj", импортирован "First_laba.obj" в функции "main".
LINK : warning LNK4217: Символ "__glewAttachShader", определенный в "glew.obj", импортирован "First_laba.obj" в функции ""unsigned int __cdecl load_shader_program(class std::basic_string<char,struct std::char_traits<char>,class std::allocator<char> > const &,class std::basic_string<char,struct std::char_traits<char>,class std::allocator<char> > const &)" (?load_shader_program@@YAIAEBV?$basic_string@DU?$char_traits@D@std@@V?$allocator@D@2@@std@@0@Z)".
LINK : warning LNK4217: Символ "__glewCompileShader", определенный в "glew.obj", импортирован "First_laba.obj" в функции ""unsigned int __cdecl compileShader(class std::basic_string<char,struct std::char_traits<char>,class std::allocator<char> > &,unsigned int)" (?compileShader@@YAIAEAV?$basic_string@DU?$char_traits@D@std@@V?$allocator@D@2@@std@@I@Z)".
LINK : warning LNK4217: Символ "__glewCreateProgram", определенный в "glew.obj", импортирован "First_laba.obj" в функции ""unsigned int __cdecl load_shader_program(class std::basic_string<char,struct std::char_traits<char>,class std::allocator<char> > const &,class std::basic_string<char,struct std::char_traits<char>,class std::allocator<char> > const &)" (?load_shader_program@@YAIAEBV?$basic_string@DU?$char_traits@D@std@@V?$allocator@D@2@@std@@0@Z)".
LINK : warning LNK4217: Символ "__glewCreateShader", определенный в "glew.obj", импортирован "First_laba.obj" в функции ""unsigned int __cdecl compileShader(class std::basic_string<char,struct std::char_traits<char>,class std::allocator<char> > &,unsigned int)" (?compileShader@@YAIAEAV?$basic_string@DU?$char_traits@D@std@@V?$allocator@D@2@@std@@I@Z)".
LINK : warning LNK4217: Символ "__glewEnableVertexAttribArray", определенный в "glew.obj", импортирован "First_laba.obj" в функции "main".
LINK : warning LNK4217: Символ "__glewGetProgramInfoLog", определенный в "glew.obj", импортирован "First_laba.obj" в функции ""void __cdecl checkCompileErrors(unsigned int,class std::basic_string<char,struct std::char_traits<char>,class std::allocator<char> > const &)" (?checkCompileErrors@@YAXIAEBV?$basic_string@DU?$char_traits@D@std@@V?$allocator@D@2@@std@@@Z)".
LINK : warning LNK4217: Символ "__glewGetProgramiv", определенный в "glew.obj", импортирован "First_laba.obj" в функции ""void __cdecl checkCompileErrors(unsigned int,class std::basic_string<char,struct std::char_traits<char>,class std::allocator<char> > const &)" (?checkCompileErrors@@YAXIAEBV?$basic_string@DU?$char_traits@D@std@@V?$allocator@D@2@@std@@@Z)".
LINK : warning LNK4217: Символ "__glewGetShaderInfoLog", определенный в "glew.obj", импортирован "First_laba.obj" в функции ""void __cdecl checkCompileErrors(unsigned int,class std::basic_string<char,struct std::char_traits<char>,class std::allocator<char> > const &)" (?checkCompileErrors@@YAXIAEBV?$basic_string@DU?$char_traits@D@std@@V?$allocator@D@2@@std@@@Z)".
LINK : warning LNK4217: Символ "__glewGetShaderiv", определенный в "glew.obj", импортирован "First_laba.obj" в функции ""void __cdecl checkCompileErrors(unsigned int,class std::basic_string<char,struct std::char_traits<char>,class std::allocator<char> > const &)" (?checkCompileErrors@@YAXIAEBV?$basic_string@DU?$char_traits@D@std@@V?$allocator@D@2@@std@@@Z)".
LINK : warning LNK4217: Символ "__glewGetUniformLocation", определенный в "glew.obj", импортирован "First_laba.obj" в функции ""void __cdecl uni4(unsigned int,class std::basic_string<char,struct std::char_traits<char>,class std::allocator<char> > const &,float,float,float,float)" (?uni4@@YAXIAEBV?$basic_string@DU?$char_traits@D@std@@V?$allocator@D@2@@std@@MMMM@Z)".
LINK : warning LNK4217: Символ "__glewLinkProgram", определенный в "glew.obj", импортирован "First_laba.obj" в функции ""unsigned int __cdecl load_shader_program(class std::basic_string<char,struct std::char_traits<char>,class std::allocator<char> > const &,class std::basic_string<char,struct std::char_traits<char>,class std::allocator<char> > const &)" (?load_shader_program@@YAIAEBV?$basic_string@DU?$char_traits@D@std@@V?$allocator@D@2@@std@@0@Z)".
LINK : warning LNK4217: Символ "__glewShaderSource", определенный в "glew.obj", импортирован "First_laba.obj" в функции ""unsigned int __cdecl compileShader(class std::basic_string<char,struct std::char_traits<char>,class std::allocator<char> > &,unsigned int)" (?compileShader@@YAIAEAV?$basic_string@DU?$char_traits@D@std@@V?$allocator@D@2@@std@@I@Z)".
LINK : warning LNK4217: Символ "__glewUniform4f", определенный в "glew.obj", импортирован "First_laba.obj" в функции ""void __cdecl uni4(unsigned int,class std::basic_string<char,struct std::char_traits<char>,class std::allocator<char> > const &,float,float,float,float)" (?uni4@@YAXIAEBV?$basic_string@DU?$char_traits@D@std@@V?$allocator@D@2@@std@@MMMM@Z)".
LINK : warning LNK4217: Символ "__glewUseProgram", определенный в "glew.obj", импортирован "First_laba.obj" в функции "main".
LINK : warning LNK4217: Символ "__glewVertexAttribPointer", определенный в "glew.obj", импортирован "First_laba.obj" в функции "main".
LINK : warning LNK4217: Символ "__glewBindVertexArray", определенный в "glew.obj", импортирован "First_laba.obj" в функции "main".
LINK : warning LNK4217: Символ "__glewGenVertexArrays", определенный в "glew.obj", импортирован "First_laba.obj" в функции "main".
LINK : warning LNK4217: Символ "glewExperimental", определенный в "glew.obj", импортирован "First_laba.obj" в функции "main".
  First_laba.vcxproj -> C:\Users\Condor\Documents\Cpp_project\Solution\x64\Debug\First_laba.exe
